<html>
<head>
<title>TestNG:  SignInTest</title>
<link href="../testng.css" rel="stylesheet" type="text/css" />
<link href="../my-testng.css" rel="stylesheet" type="text/css" />

<style type="text/css">
.log { display: none;} 
.stack-trace { display: none;} 
</style>
<script type="text/javascript">
<!--
function flip(e) {
  current = e.style.display;
  if (current == 'block') {
    e.style.display = 'none';
    return 0;
  }
  else {
    e.style.display = 'block';
    return 1;
  }
}

function toggleBox(szDivId, elem, msg1, msg2)
{
  var res = -1;  if (document.getElementById) {
    res = flip(document.getElementById(szDivId));
  }
  else if (document.all) {
    // this is the way old msie versions work
    res = flip(document.all[szDivId]);
  }
  if(elem) {
    if(res == 0) elem.innerHTML = msg1; else elem.innerHTML = msg2;
  }

}

function toggleAllBoxes() {
  if (document.getElementsByTagName) {
    d = document.getElementsByTagName('div');
    for (i = 0; i < d.length; i++) {
      if (d[i].className == 'log') {
        flip(d[i]);
      }
    }
  }
}

// -->
</script>

</head>
<body>
<h2 align='center'>SignInTest</h2><table border='1' align="center">
<tr>
<td>Tests passed/Failed/Skipped:</td><td>0/0/2</td>
</tr><tr>
<td>Started on:</td><td>Tue Dec 24 23:56:31 IST 2024</td>
</tr>
<tr><td>Total time:</td><td>0 seconds (128 ms)</td>
</tr><tr>
<td>Included groups:</td><td></td>
</tr><tr>
<td>Excluded groups:</td><td></td>
</tr>
</table><p/>
<small><i>(Hover the method name to see the test class name)</i></small><p/>
<table width='100%' border='1' class='invocation-failed'>
<tr><td colspan='4' align='center'><b>FAILED CONFIGURATIONS</b></td></tr>
<tr><td><b>Test method</b></td>
<td width="30%"><b>Exception</b></td>
<td width="10%"><b>Time (seconds)</b></td>
<td><b>Instance</b></td>
</tr>
<tr>
<td title='com.candymapper.test.FlightBookingTest.initialize()'><b>initialize</b><br>Test class: com.candymapper.test.FlightBookingTest</td>
<td><div><pre>java.io.FileNotFoundException: C:\Users\Ravikumar\eclipse-workspace\CandyMapperAutomationFramework\src\test\java\com\orangehrm\config\production.properties (The system cannot find the path specified)
	at java.base/java.io.FileInputStream.open0(Native Method)
	at java.base/java.io.FileInputStream.open(FileInputStream.java:213)
	at java.base/java.io.FileInputStream.&lt;init&gt;(FileInputStream.java:152)
	at java.base/java.io.FileInputStream.&lt;init&gt;(FileInputStream.java:106)
	at com.candymapper.base.TestBase.loadProperties(TestBase.java:44)
	at com.candymapper.base.TestBase.setUp(TestBase.java:51)
	at com.candymapper.test.FlightBookingTest.initialize(FlightBookingTest.java:22)
... Removed 22 stack frames</pre></div><a href='#' onClick='toggleBox("stack-trace183155105", this, "Click to show all stack frames", "Click to hide stack frames")'>Click to show all stack frames</a>
<div class='stack-trace' id='stack-trace183155105'><pre>java.io.FileNotFoundException: C:\Users\Ravikumar\eclipse-workspace\CandyMapperAutomationFramework\src\test\java\com\orangehrm\config\production.properties (The system cannot find the path specified)
	at java.base/java.io.FileInputStream.open0(Native Method)
	at java.base/java.io.FileInputStream.open(FileInputStream.java:213)
	at java.base/java.io.FileInputStream.&lt;init&gt;(FileInputStream.java:152)
	at java.base/java.io.FileInputStream.&lt;init&gt;(FileInputStream.java:106)
	at com.candymapper.base.TestBase.loadProperties(TestBase.java:44)
	at com.candymapper.base.TestBase.setUp(TestBase.java:51)
	at com.candymapper.test.FlightBookingTest.initialize(FlightBookingTest.java:22)
	at java.base/jdk.internal.reflect.DirectMethodHandleAccessor.invoke(DirectMethodHandleAccessor.java:103)
	at java.base/java.lang.reflect.Method.invoke(Method.java:580)
	at org.testng.internal.MethodInvocationHelper.invokeMethod(MethodInvocationHelper.java:133)
	at org.testng.internal.MethodInvocationHelper.invokeMethodConsideringTimeout(MethodInvocationHelper.java:62)
	at org.testng.internal.ConfigInvoker.invokeConfigurationMethod(ConfigInvoker.java:385)
	at org.testng.internal.ConfigInvoker.invokeConfigurations(ConfigInvoker.java:321)
	at org.testng.TestRunner.invokeTestConfigurations(TestRunner.java:637)
	at org.testng.TestRunner.beforeRun(TestRunner.java:627)
	at org.testng.TestRunner.run(TestRunner.java:589)
	at org.testng.SuiteRunner.runTest(SuiteRunner.java:377)
	at org.testng.SuiteRunner.runSequentially(SuiteRunner.java:371)
	at org.testng.SuiteRunner.privateRun(SuiteRunner.java:332)
	at org.testng.SuiteRunner.run(SuiteRunner.java:276)
	at org.testng.SuiteRunnerWorker.runSuite(SuiteRunnerWorker.java:53)
	at org.testng.SuiteRunnerWorker.run(SuiteRunnerWorker.java:96)
	at org.testng.TestNG.runSuitesSequentially(TestNG.java:1212)
	at org.testng.TestNG.runSuitesLocally(TestNG.java:1134)
	at org.testng.TestNG.runSuites(TestNG.java:1063)
	at org.testng.TestNG.run(TestNG.java:1031)
	at org.testng.remote.AbstractRemoteTestNG.run(AbstractRemoteTestNG.java:115)
	at org.testng.remote.RemoteTestNG.initAndRun(RemoteTestNG.java:293)
	at org.testng.remote.RemoteTestNG.main(RemoteTestNG.java:91)
</pre></div></td>
<td>0</td>
<td>com.candymapper.test.FlightBookingTest@58fb7731</td></tr>
</table><p>
<table width='100%' border='1' class='invocation-skipped'>
<tr><td colspan='4' align='center'><b>SKIPPED CONFIGURATIONS</b></td></tr>
<tr><td><b>Test method</b></td>
<td width="30%"><b>Exception</b></td>
<td width="10%"><b>Time (seconds)</b></td>
<td><b>Instance</b></td>
</tr>
<tr>
<td title='com.candymapper.test.SignInTest.setUp()'><b>setUp</b><br>Test class: com.candymapper.test.SignInTest</td>
<td></td>
<td>-1735064791</td>
<td>com.candymapper.test.SignInTest@7d42c224</td></tr>
<tr>
<td title='com.candymapper.test.SignInTest.initialize()'><b>initialize</b><br>Test class: com.candymapper.test.SignInTest</td>
<td></td>
<td>-1735064791</td>
<td>com.candymapper.test.SignInTest@7d42c224</td></tr>
<tr>
<td title='com.candymapper.test.FlightBookingTest.getScreenshotPath()'><b>getScreenshotPath</b><br>Test class: com.candymapper.test.FlightBookingTest</td>
<td></td>
<td>-1735064791</td>
<td>com.candymapper.test.FlightBookingTest@58fb7731</td></tr>
<tr>
<td title='com.candymapper.test.SignInTest.getScreenshotPath()'><b>getScreenshotPath</b><br>Test class: com.candymapper.test.SignInTest</td>
<td></td>
<td>-1735064791</td>
<td>com.candymapper.test.SignInTest@7d42c224</td></tr>
<tr>
<td title='com.candymapper.test.FlightBookingTest.tearDown()'><b>tearDown</b><br>Test class: com.candymapper.test.FlightBookingTest</td>
<td></td>
<td>-1735064791</td>
<td>com.candymapper.test.FlightBookingTest@58fb7731</td></tr>
<tr>
<td title='com.candymapper.test.FlightBookingTest.setUp()'><b>setUp</b><br>Test class: com.candymapper.test.FlightBookingTest</td>
<td></td>
<td>-1735064791</td>
<td>com.candymapper.test.FlightBookingTest@58fb7731</td></tr>
<tr>
<td title='com.candymapper.test.SignInTest.tearDown()'><b>tearDown</b><br>Test class: com.candymapper.test.SignInTest</td>
<td></td>
<td>-1735064791</td>
<td>com.candymapper.test.SignInTest@7d42c224</td></tr>
</table><p>
<table width='100%' border='1' class='invocation-skipped'>
<tr><td colspan='4' align='center'><b>SKIPPED TESTS</b></td></tr>
<tr><td><b>Test method</b></td>
<td width="30%"><b>Exception</b></td>
<td width="10%"><b>Time (seconds)</b></td>
<td><b>Instance</b></td>
</tr>
<tr>
<td title='com.candymapper.test.SignInTest.SignIn()'><b>SignIn</b><br>Test class: com.candymapper.test.SignInTest<br>Test method: TC01_SignInTest</td>
<td><div><pre>java.io.FileNotFoundException: C:\Users\Ravikumar\eclipse-workspace\CandyMapperAutomationFramework\src\test\java\com\orangehrm\config\production.properties (The system cannot find the path specified)
	at java.base/java.io.FileInputStream.open0(Native Method)
	at java.base/java.io.FileInputStream.open(FileInputStream.java:213)
	at java.base/java.io.FileInputStream.&lt;init&gt;(FileInputStream.java:152)
	at java.base/java.io.FileInputStream.&lt;init&gt;(FileInputStream.java:106)
	at com.candymapper.base.TestBase.loadProperties(TestBase.java:44)
	at com.candymapper.base.TestBase.setUp(TestBase.java:51)
	at com.candymapper.test.FlightBookingTest.initialize(FlightBookingTest.java:22)
... Removed 22 stack frames</pre></div><a href='#' onClick='toggleBox("stack-trace265824587", this, "Click to show all stack frames", "Click to hide stack frames")'>Click to show all stack frames</a>
<div class='stack-trace' id='stack-trace265824587'><pre>java.io.FileNotFoundException: C:\Users\Ravikumar\eclipse-workspace\CandyMapperAutomationFramework\src\test\java\com\orangehrm\config\production.properties (The system cannot find the path specified)
	at java.base/java.io.FileInputStream.open0(Native Method)
	at java.base/java.io.FileInputStream.open(FileInputStream.java:213)
	at java.base/java.io.FileInputStream.&lt;init&gt;(FileInputStream.java:152)
	at java.base/java.io.FileInputStream.&lt;init&gt;(FileInputStream.java:106)
	at com.candymapper.base.TestBase.loadProperties(TestBase.java:44)
	at com.candymapper.base.TestBase.setUp(TestBase.java:51)
	at com.candymapper.test.FlightBookingTest.initialize(FlightBookingTest.java:22)
	at java.base/jdk.internal.reflect.DirectMethodHandleAccessor.invoke(DirectMethodHandleAccessor.java:103)
	at java.base/java.lang.reflect.Method.invoke(Method.java:580)
	at org.testng.internal.MethodInvocationHelper.invokeMethod(MethodInvocationHelper.java:133)
	at org.testng.internal.MethodInvocationHelper.invokeMethodConsideringTimeout(MethodInvocationHelper.java:62)
	at org.testng.internal.ConfigInvoker.invokeConfigurationMethod(ConfigInvoker.java:385)
	at org.testng.internal.ConfigInvoker.invokeConfigurations(ConfigInvoker.java:321)
	at org.testng.TestRunner.invokeTestConfigurations(TestRunner.java:637)
	at org.testng.TestRunner.beforeRun(TestRunner.java:627)
	at org.testng.TestRunner.run(TestRunner.java:589)
	at org.testng.SuiteRunner.runTest(SuiteRunner.java:377)
	at org.testng.SuiteRunner.runSequentially(SuiteRunner.java:371)
	at org.testng.SuiteRunner.privateRun(SuiteRunner.java:332)
	at org.testng.SuiteRunner.run(SuiteRunner.java:276)
	at org.testng.SuiteRunnerWorker.runSuite(SuiteRunnerWorker.java:53)
	at org.testng.SuiteRunnerWorker.run(SuiteRunnerWorker.java:96)
	at org.testng.TestNG.runSuitesSequentially(TestNG.java:1212)
	at org.testng.TestNG.runSuitesLocally(TestNG.java:1134)
	at org.testng.TestNG.runSuites(TestNG.java:1063)
	at org.testng.TestNG.run(TestNG.java:1031)
	at org.testng.remote.AbstractRemoteTestNG.run(AbstractRemoteTestNG.java:115)
	at org.testng.remote.RemoteTestNG.initAndRun(RemoteTestNG.java:293)
	at org.testng.remote.RemoteTestNG.main(RemoteTestNG.java:91)
</pre></div></td>
<td>0</td>
<td>com.candymapper.test.SignInTest@7d42c224</td></tr>
<tr>
<td title='com.candymapper.test.FlightBookingTest.FlightBooking()'><b>FlightBooking</b><br>Test class: com.candymapper.test.FlightBookingTest<br>Test method: TC01_FlightBookingTest</td>
<td><div><pre>java.io.FileNotFoundException: C:\Users\Ravikumar\eclipse-workspace\CandyMapperAutomationFramework\src\test\java\com\orangehrm\config\production.properties (The system cannot find the path specified)
	at java.base/java.io.FileInputStream.open0(Native Method)
	at java.base/java.io.FileInputStream.open(FileInputStream.java:213)
	at java.base/java.io.FileInputStream.&lt;init&gt;(FileInputStream.java:152)
	at java.base/java.io.FileInputStream.&lt;init&gt;(FileInputStream.java:106)
	at com.candymapper.base.TestBase.loadProperties(TestBase.java:44)
	at com.candymapper.base.TestBase.setUp(TestBase.java:51)
	at com.candymapper.test.FlightBookingTest.initialize(FlightBookingTest.java:22)
... Removed 22 stack frames</pre></div><a href='#' onClick='toggleBox("stack-trace314364096", this, "Click to show all stack frames", "Click to hide stack frames")'>Click to show all stack frames</a>
<div class='stack-trace' id='stack-trace314364096'><pre>java.io.FileNotFoundException: C:\Users\Ravikumar\eclipse-workspace\CandyMapperAutomationFramework\src\test\java\com\orangehrm\config\production.properties (The system cannot find the path specified)
	at java.base/java.io.FileInputStream.open0(Native Method)
	at java.base/java.io.FileInputStream.open(FileInputStream.java:213)
	at java.base/java.io.FileInputStream.&lt;init&gt;(FileInputStream.java:152)
	at java.base/java.io.FileInputStream.&lt;init&gt;(FileInputStream.java:106)
	at com.candymapper.base.TestBase.loadProperties(TestBase.java:44)
	at com.candymapper.base.TestBase.setUp(TestBase.java:51)
	at com.candymapper.test.FlightBookingTest.initialize(FlightBookingTest.java:22)
	at java.base/jdk.internal.reflect.DirectMethodHandleAccessor.invoke(DirectMethodHandleAccessor.java:103)
	at java.base/java.lang.reflect.Method.invoke(Method.java:580)
	at org.testng.internal.MethodInvocationHelper.invokeMethod(MethodInvocationHelper.java:133)
	at org.testng.internal.MethodInvocationHelper.invokeMethodConsideringTimeout(MethodInvocationHelper.java:62)
	at org.testng.internal.ConfigInvoker.invokeConfigurationMethod(ConfigInvoker.java:385)
	at org.testng.internal.ConfigInvoker.invokeConfigurations(ConfigInvoker.java:321)
	at org.testng.TestRunner.invokeTestConfigurations(TestRunner.java:637)
	at org.testng.TestRunner.beforeRun(TestRunner.java:627)
	at org.testng.TestRunner.run(TestRunner.java:589)
	at org.testng.SuiteRunner.runTest(SuiteRunner.java:377)
	at org.testng.SuiteRunner.runSequentially(SuiteRunner.java:371)
	at org.testng.SuiteRunner.privateRun(SuiteRunner.java:332)
	at org.testng.SuiteRunner.run(SuiteRunner.java:276)
	at org.testng.SuiteRunnerWorker.runSuite(SuiteRunnerWorker.java:53)
	at org.testng.SuiteRunnerWorker.run(SuiteRunnerWorker.java:96)
	at org.testng.TestNG.runSuitesSequentially(TestNG.java:1212)
	at org.testng.TestNG.runSuitesLocally(TestNG.java:1134)
	at org.testng.TestNG.runSuites(TestNG.java:1063)
	at org.testng.TestNG.run(TestNG.java:1031)
	at org.testng.remote.AbstractRemoteTestNG.run(AbstractRemoteTestNG.java:115)
	at org.testng.remote.RemoteTestNG.initAndRun(RemoteTestNG.java:293)
	at org.testng.remote.RemoteTestNG.main(RemoteTestNG.java:91)
</pre></div></td>
<td>0</td>
<td>com.candymapper.test.FlightBookingTest@58fb7731</td></tr>
</table><p>
</body>
</html>