<?xml version="1.0" encoding="UTF-8"?>
<!-- Generated by org.testng.reporters.JUnitXMLReporter -->
<testsuite ignored="0" hostname="DESKTOP-C5G88TU" failures="0" tests="3" name="Regression" time="3.934" errors="0" timestamp="2024-07-02T16:53:24 IST">
  <testcase classname="com.artoftesting.base.TestBase" name="@BeforeMethod loadBaseUrl" time="3.05">
    <failure type="org.openqa.selenium.WebDriverException" message="unknown error: net::ERR_INTERNET_DISCONNECTED
  (Session info: chrome=126.0.6478.127)
Build info: version: &amp;apos;3.141.59&amp;apos;, revision: &amp;apos;e82be7d358&amp;apos;, time: &amp;apos;2018-11-14T08:17:03&amp;apos;
System info: host: &amp;apos;DESKTOP-C5G88TU&amp;apos;, ip: &amp;apos;127.0.0.1&amp;apos;, os.name: &amp;apos;Windows 10&amp;apos;, os.arch: &amp;apos;amd64&amp;apos;, os.version: &amp;apos;10.0&amp;apos;, java.version: &amp;apos;18.0.2&amp;apos;
Driver info: org.openqa.selenium.chrome.ChromeDriver
Capabilities {acceptInsecureCerts: false, browserName: chrome, browserVersion: 126.0.6478.127, chrome: {chromedriverVersion: 126.0.6478.126 (d36ace6122e..., userDataDir: C:\Users\RAVIKU~1\AppData\L...}, fedcm:accounts: true, goog:chromeOptions: {debuggerAddress: localhost:50254}, javascriptEnabled: true, networkConnectionEnabled: false, pageLoadStrategy: normal, platform: WINDOWS, platformName: WINDOWS, proxy: Proxy(), setWindowRect: true, strictFileInteractability: false, timeouts: {implicit: 0, pageLoad: 300000, script: 30000}, unhandledPromptBehavior: dismiss and notify, webauthn:extension:credBlob: true, webauthn:extension:largeBlob: true, webauthn:extension:minPinLength: true, webauthn:extension:prf: true, webauthn:virtualAuthenticators: true}
Session ID: 3b14eab04888f636301f4e1b1777b3d1">
      <![CDATA[org.openqa.selenium.WebDriverException: unknown error: net::ERR_INTERNET_DISCONNECTED
  (Session info: chrome=126.0.6478.127)
Build info: version: '3.141.59', revision: 'e82be7d358', time: '2018-11-14T08:17:03'
System info: host: 'DESKTOP-C5G88TU', ip: '127.0.0.1', os.name: 'Windows 10', os.arch: 'amd64', os.version: '10.0', java.version: '18.0.2'
Driver info: org.openqa.selenium.chrome.ChromeDriver
Capabilities {acceptInsecureCerts: false, browserName: chrome, browserVersion: 126.0.6478.127, chrome: {chromedriverVersion: 126.0.6478.126 (d36ace6122e..., userDataDir: C:\Users\RAVIKU~1\AppData\L...}, fedcm:accounts: true, goog:chromeOptions: {debuggerAddress: localhost:50254}, javascriptEnabled: true, networkConnectionEnabled: false, pageLoadStrategy: normal, platform: WINDOWS, platformName: WINDOWS, proxy: Proxy(), setWindowRect: true, strictFileInteractability: false, timeouts: {implicit: 0, pageLoad: 300000, script: 30000}, unhandledPromptBehavior: dismiss and notify, webauthn:extension:credBlob: true, webauthn:extension:largeBlob: true, webauthn:extension:minPinLength: true, webauthn:extension:prf: true, webauthn:virtualAuthenticators: true}
Session ID: 3b14eab04888f636301f4e1b1777b3d1
at org.openqa.selenium.remote.http.W3CHttpResponseCodec.createException(W3CHttpResponseCodec.java:187)
at org.openqa.selenium.remote.http.W3CHttpResponseCodec.decode(W3CHttpResponseCodec.java:122)
at org.openqa.selenium.remote.http.W3CHttpResponseCodec.decode(W3CHttpResponseCodec.java:49)
at org.openqa.selenium.remote.HttpCommandExecutor.execute(HttpCommandExecutor.java:158)
at org.openqa.selenium.remote.service.DriverCommandExecutor.execute(DriverCommandExecutor.java:83)
at org.openqa.selenium.remote.RemoteWebDriver.execute(RemoteWebDriver.java:552)
at org.openqa.selenium.remote.RemoteWebDriver.get(RemoteWebDriver.java:277)
at com.artoftesting.base.TestBase.loadBaseUrl(TestBase.java:104)
at java.base/java.util.ArrayList.forEach(ArrayList.java:1511)
... Removed 32 stack frames]]>
    </failure>
  </testcase> <!-- @BeforeMethod loadBaseUrl -->
  <testcase classname="com.artoftesting.base.TestBase" name="@AfterMethod screenshotAndDeleteCookies" time="-1.71991940341E9">
    <skipped/>
  </testcase> <!-- @AfterMethod screenshotAndDeleteCookies -->
  <testcase classname="com.artoftesting.base.TestBase" name="@BeforeMethod loadBaseUrl" time="-1.719919404137E9">
    <skipped/>
  </testcase> <!-- @BeforeMethod loadBaseUrl -->
  <testcase classname="com.artoftesting.base.TestBase" name="@AfterMethod screenshotAndDeleteCookies" time="-1.719919404153E9">
    <skipped/>
  </testcase> <!-- @AfterMethod screenshotAndDeleteCookies -->
  <testcase classname="com.artoftesting.base.TestBase" name="@BeforeMethod loadBaseUrl" time="-1.719919404157E9">
    <skipped/>
  </testcase> <!-- @BeforeMethod loadBaseUrl -->
  <testcase classname="com.artoftesting.base.TestBase" name="@AfterMethod screenshotAndDeleteCookies" time="-1.719919404176E9">
    <skipped/>
  </testcase> <!-- @AfterMethod screenshotAndDeleteCookies -->
  <testcase classname="com.artoftesting.test.SauceDemoLoginTest" name="loginTest" time="0.0">
    <skipped/>
  </testcase> <!-- loginTest -->
  <testcase classname="com.artoftesting.test.SauceDemoLoginTest" name="tempTest" time="0.0">
    <skipped/>
  </testcase> <!-- tempTest -->
  <testcase classname="com.artoftesting.test.SauceDemoLoginTest" name="tempTest" time="0.0">
    <skipped/>
  </testcase> <!-- tempTest -->
</testsuite> <!-- Regression -->
