<?xml version="1.0" encoding="UTF-8"?>
<!-- Generated by org.testng.reporters.JUnitReportReporter -->
<testsuite hostname="DESKTOP-C5G88TU" failures="0" tests="2" name="com.phptravel.test.SignUpTest" time="4.740" errors="1" timestamp="2024-08-24T14:11:30 IST" skipped="1">
  <testcase classname="com.phptravel.test.SignUpTest" name="suiteSetup" time="4.740">
    <error message="session not created: This version of ChromeDriver only supports Chrome version 114
Current browser version is 127.0.6533.120 with binary path C:\Program Files (x86)\Google\Chrome\Application\chrome.exe
Build info: version: &#039;3.141.59&#039;, revision: &#039;e82be7d358&#039;, time: &#039;2018-11-14T08:17:03&#039;
System info: host: &#039;DESKTOP-C5G88TU&#039;, ip: &#039;192.168.85.153&#039;, os.name: &#039;Windows 10&#039;, os.arch: &#039;amd64&#039;, os.version: &#039;10.0&#039;, java.version: &#039;18.0.2&#039;
Driver info: driver.version: ChromeDriver
remote stacktrace: Backtrace:
	GetHandleVerifier [0x003AA813+48355]
	(No symbol) [0x0033C4B1]
	(No symbol) [0x00245358]
	(No symbol) [0x002661AC]
	(No symbol) [0x00261EF3]
	(No symbol) [0x00260579]
	(No symbol) [0x00290C55]
	(No symbol) [0x0029093C]
	(No symbol) [0x0028A536]
	(No symbol) [0x002682DC]
	(No symbol) [0x002693DD]
	GetHandleVerifier [0x0060AABD+2539405]
	GetHandleVerifier [0x0064A78F+2800735]
	GetHandleVerifier [0x0064456C+2775612]
	GetHandleVerifier [0x004351E0+616112]
	(No symbol) [0x00345F8C]
	(No symbol) [0x00342328]
	(No symbol) [0x0034240B]
	(No symbol) [0x00334FF7]
	BaseThreadInitThunk [0x7705FCC9+25]
	RtlGetAppContainerNamedObjectPath [0x777480CE+286]
	RtlGetAppContainerNamedObjectPath [0x7774809E+238]
" type="org.openqa.selenium.SessionNotCreatedException">
      <![CDATA[org.openqa.selenium.SessionNotCreatedException: session not created: This version of ChromeDriver only supports Chrome version 114
Current browser version is 127.0.6533.120 with binary path C:\Program Files (x86)\Google\Chrome\Application\chrome.exe
Build info: version: '3.141.59', revision: 'e82be7d358', time: '2018-11-14T08:17:03'
System info: host: 'DESKTOP-C5G88TU', ip: '192.168.85.153', os.name: 'Windows 10', os.arch: 'amd64', os.version: '10.0', java.version: '18.0.2'
Driver info: driver.version: ChromeDriver
remote stacktrace: Backtrace:
GetHandleVerifier [0x003AA813+48355]
(No symbol) [0x0033C4B1]
(No symbol) [0x00245358]
(No symbol) [0x002661AC]
(No symbol) [0x00261EF3]
(No symbol) [0x00260579]
(No symbol) [0x00290C55]
(No symbol) [0x0029093C]
(No symbol) [0x0028A536]
(No symbol) [0x002682DC]
(No symbol) [0x002693DD]
GetHandleVerifier [0x0060AABD+2539405]
GetHandleVerifier [0x0064A78F+2800735]
GetHandleVerifier [0x0064456C+2775612]
GetHandleVerifier [0x004351E0+616112]
(No symbol) [0x00345F8C]
(No symbol) [0x00342328]
(No symbol) [0x0034240B]
(No symbol) [0x00334FF7]
BaseThreadInitThunk [0x7705FCC9+25]
RtlGetAppContainerNamedObjectPath [0x777480CE+286]
RtlGetAppContainerNamedObjectPath [0x7774809E+238]

at java.base/jdk.internal.reflect.DirectConstructorHandleAccessor.newInstance(DirectConstructorHandleAccessor.java:67)
at java.base/java.lang.reflect.Constructor.newInstanceWithCaller(Constructor.java:499)
at java.base/java.lang.reflect.Constructor.newInstance(Constructor.java:483)
at org.openqa.selenium.remote.W3CHandshakeResponse.lambda$errorHandler$0(W3CHandshakeResponse.java:62)
at org.openqa.selenium.remote.HandshakeResponse.lambda$getResponseFunction$0(HandshakeResponse.java:30)
at org.openqa.selenium.remote.ProtocolHandshake.lambda$createSession$0(ProtocolHandshake.java:126)
at java.base/java.util.stream.ReferencePipeline$3$1.accept(ReferencePipeline.java:197)
at java.base/java.util.Spliterators$ArraySpliterator.tryAdvance(Spliterators.java:1002)
at java.base/java.util.stream.ReferencePipeline.forEachWithCancel(ReferencePipeline.java:129)
at java.base/java.util.stream.AbstractPipeline.copyIntoWithCancel(AbstractPipeline.java:527)
at java.base/java.util.stream.AbstractPipeline.copyInto(AbstractPipeline.java:513)
at java.base/java.util.stream.AbstractPipeline.wrapAndCopyInto(AbstractPipeline.java:499)
at java.base/java.util.stream.FindOps$FindOp.evaluateSequential(FindOps.java:150)
at java.base/java.util.stream.AbstractPipeline.evaluate(AbstractPipeline.java:234)
at java.base/java.util.stream.ReferencePipeline.findFirst(ReferencePipeline.java:647)
at org.openqa.selenium.remote.ProtocolHandshake.createSession(ProtocolHandshake.java:128)
at org.openqa.selenium.remote.ProtocolHandshake.createSession(ProtocolHandshake.java:74)
at org.openqa.selenium.remote.HttpCommandExecutor.execute(HttpCommandExecutor.java:136)
at org.openqa.selenium.remote.service.DriverCommandExecutor.execute(DriverCommandExecutor.java:83)
at org.openqa.selenium.remote.RemoteWebDriver.execute(RemoteWebDriver.java:552)
at org.openqa.selenium.remote.RemoteWebDriver.startSession(RemoteWebDriver.java:213)
at org.openqa.selenium.remote.RemoteWebDriver.<init>(RemoteWebDriver.java:131)
at org.openqa.selenium.chrome.ChromeDriver.<init>(ChromeDriver.java:181)
at org.openqa.selenium.chrome.ChromeDriver.<init>(ChromeDriver.java:168)
at org.openqa.selenium.chrome.ChromeDriver.<init>(ChromeDriver.java:157)
at com.phptravel.base.TestBase.suiteSetup(TestBase.java:73)
at java.base/jdk.internal.reflect.DirectMethodHandleAccessor.invoke(DirectMethodHandleAccessor.java:104)
at java.base/java.lang.reflect.Method.invoke(Method.java:577)
at org.testng.internal.MethodInvocationHelper.invokeMethod(MethodInvocationHelper.java:133)
at org.testng.internal.MethodInvocationHelper.invokeMethodConsideringTimeout(MethodInvocationHelper.java:62)
at org.testng.internal.ConfigInvoker.invokeConfigurationMethod(ConfigInvoker.java:385)
at org.testng.internal.ConfigInvoker.invokeConfigurations(ConfigInvoker.java:321)
at org.testng.SuiteRunner.privateRun(SuiteRunner.java:317)
at org.testng.SuiteRunner.run(SuiteRunner.java:276)
at org.testng.SuiteRunnerWorker.runSuite(SuiteRunnerWorker.java:53)
at org.testng.SuiteRunnerWorker.run(SuiteRunnerWorker.java:96)
at org.testng.TestNG.runSuitesSequentially(TestNG.java:1212)
at org.testng.TestNG.runSuitesLocally(TestNG.java:1134)
at org.testng.TestNG.runSuites(TestNG.java:1063)
at org.testng.TestNG.run(TestNG.java:1031)
at org.testng.remote.AbstractRemoteTestNG.run(AbstractRemoteTestNG.java:115)
at org.testng.remote.RemoteTestNG.initAndRun(RemoteTestNG.java:293)
at org.testng.remote.RemoteTestNG.main(RemoteTestNG.java:91)
]]>
    </error>
  </testcase> <!-- suiteSetup -->
  <system-out/>
  <testcase classname="com.phptravel.test.SignUpTest" name="signupTest" time="0.000">
    <skipped/>
  </testcase> <!-- signupTest -->
  <system-out/>
</testsuite> <!-- com.phptravel.test.SignUpTest -->
